2025-01-10 16:03:34,679 INFO o.a.j.u.JMeterUtils: Setting Locale to zh_CN
2025-01-10 16:03:34,690 INFO o.a.j.JMeter: Loading user properties from: user.properties
2025-01-10 16:03:34,691 INFO o.a.j.JMeter: Loading system properties from: system.properties
2025-01-10 16:03:34,695 INFO o.a.j.JMeter: Copyright (c) 1998-2024 The Apache Software Foundation
2025-01-10 16:03:34,695 INFO o.a.j.JMeter: Version 5.6.3
2025-01-10 16:03:34,695 INFO o.a.j.JMeter: java.version=1.8.0_432-432
2025-01-10 16:03:34,695 INFO o.a.j.JMeter: java.vm.name=OpenJDK 64-Bit Server VM
2025-01-10 16:03:34,695 INFO o.a.j.JMeter: os.name=Windows 11
2025-01-10 16:03:34,695 INFO o.a.j.JMeter: os.arch=amd64
2025-01-10 16:03:34,695 INFO o.a.j.JMeter: os.version=10.0
2025-01-10 16:03:34,695 INFO o.a.j.JMeter: file.encoding=GBK
2025-01-10 16:03:34,695 INFO o.a.j.JMeter: java.awt.headless=null
2025-01-10 16:03:34,695 INFO o.a.j.JMeter: Max memory     =1073741824
2025-01-10 16:03:34,695 INFO o.a.j.JMeter: Available Processors =12
2025-01-10 16:03:34,698 INFO o.a.j.JMeter: Default Locale=English (EN)
2025-01-10 16:03:34,698 INFO o.a.j.JMeter: JMeter  Locale=Chinese (China)
2025-01-10 16:03:34,698 INFO o.a.j.JMeter: JMeterHome=C:\Me\Software\jmeter
2025-01-10 16:03:34,698 INFO o.a.j.JMeter: user.dir  =C:\Me\Software\jmeter\bin
2025-01-10 16:03:34,699 INFO o.a.j.JMeter: PWD       =C:\Me\Software\jmeter\bin
2025-01-10 16:03:34,704 INFO o.a.j.JMeter: IP: 198.18.0.1 Name: WIN-5497BJIGPFP FullName: WIN-5497BJIGPFP
2025-01-10 16:03:34,715 INFO o.a.j.JMeter: Loaded icon properties from org/apache/jmeter/images/icon.properties
2025-01-10 16:03:34,849 INFO o.a.j.JMeterGuiLauncher: Setting LAF to: com.github.weisj.darklaf.DarkLaf:com.github.weisj.darklaf.theme.DarculaTheme
2025-01-10 16:03:43,421 INFO o.a.j.s.FileServer: Default base='C:\Me\Software\jmeter\bin'
2025-01-10 16:03:43,424 INFO o.a.j.g.a.Load: Loading file: C:\Me\Software\jmeter\conf\pushEventToKafka.jmx
2025-01-10 16:03:43,424 INFO o.a.j.s.FileServer: Set new base='C:\Me\Software\jmeter\conf'
2025-01-10 16:03:43,506 INFO o.a.j.s.SaveService: Testplan (JMX) version: 2.2. Testlog (JTL) version: 2.2
2025-01-10 16:03:43,517 INFO o.a.j.s.SaveService: Using SaveService properties file encoding UTF-8
2025-01-10 16:03:43,518 INFO o.a.j.s.SaveService: Using SaveService properties version 5.0
2025-01-10 16:03:43,519 INFO o.a.j.s.SaveService: Loading file: C:\Me\Software\jmeter\conf\pushEventToKafka.jmx
2025-01-10 16:03:43,542 INFO o.a.j.p.h.s.HTTPSamplerBase: Parser for text/html is org.apache.jmeter.protocol.http.parser.LagartoBasedHtmlParser
2025-01-10 16:03:43,542 INFO o.a.j.p.h.s.HTTPSamplerBase: Parser for application/xhtml+xml is org.apache.jmeter.protocol.http.parser.LagartoBasedHtmlParser
2025-01-10 16:03:43,542 INFO o.a.j.p.h.s.HTTPSamplerBase: Parser for application/xml is org.apache.jmeter.protocol.http.parser.LagartoBasedHtmlParser
2025-01-10 16:03:43,542 INFO o.a.j.p.h.s.HTTPSamplerBase: Parser for text/xml is org.apache.jmeter.protocol.http.parser.LagartoBasedHtmlParser
2025-01-10 16:03:43,543 INFO o.a.j.p.h.s.HTTPSamplerBase: Parser for text/vnd.wap.wml is org.apache.jmeter.protocol.http.parser.RegexpHTMLParser
2025-01-10 16:03:43,543 INFO o.a.j.p.h.s.HTTPSamplerBase: Parser for text/css is org.apache.jmeter.protocol.http.parser.CssParser
2025-01-10 16:03:43,788 INFO o.a.j.s.FileServer: Set new base='C:\Me\Software\jmeter\conf'
